This is pdfTeX, Version 3.141592653-2.6-1.40.23 (TeX Live 2022/dev) (preloaded format=pdflatex 2022.1.8)  17 JAN 2022 22:38
entering extended mode
 restricted \write18 enabled.
 %&-line parsing enabled.
**"Jochens Analysis Equations.tex"
(./Jochens Analysis Equations.tex
LaTeX2e <2021-11-15> patch level 1
L3 programming layer <2021-11-22>
(/usr/local/texlive/2021/texmf-dist/tex/latex/base/book.cls
Document Class: book 2021/10/04 v1.4n Standard LaTeX document class
(/usr/local/texlive/2021/texmf-dist/tex/latex/base/bk10.clo
File: bk10.clo 2021/10/04 v1.4n Standard LaTeX file (size option)
)
\c@part=\count183
\c@chapter=\count184
\c@section=\count185
\c@subsection=\count186
\c@subsubsection=\count187
\c@paragraph=\count188
\c@subparagraph=\count189
\c@figure=\count190
\c@table=\count191
\abovecaptionskip=\skip47
\belowcaptionskip=\skip48
\bibindent=\dimen138
)
(/usr/local/texlive/2021/texmf-dist/tex/latex/base/fontenc.sty
Package: fontenc 2021/04/29 v2.0v Standard LaTeX package
)
(/usr/local/texlive/2021/texmf-dist/tex/latex/amsmath/amsmath.sty
Package: amsmath 2021/10/15 v2.17l AMS math features
\@mathmargin=\skip49

For additional information on amsmath, use the `?' option.
(/usr/local/texlive/2021/texmf-dist/tex/latex/amsmath/amstext.sty
Package: amstext 2021/08/26 v2.01 AMS text

(/usr/local/texlive/2021/texmf-dist/tex/latex/amsmath/amsgen.sty
File: amsgen.sty 1999/11/30 v2.0 generic functions
\@emptytoks=\toks16
\ex@=\dimen139
))
(/usr/local/texlive/2021/texmf-dist/tex/latex/amsmath/amsbsy.sty
Package: amsbsy 1999/11/29 v1.2d Bold Symbols
\pmbraise@=\dimen140
)
(/usr/local/texlive/2021/texmf-dist/tex/latex/amsmath/amsopn.sty
Package: amsopn 2021/08/26 v2.02 operator names
)
\inf@bad=\count192
LaTeX Info: Redefining \frac on input line 234.
\uproot@=\count193
\leftroot@=\count194
LaTeX Info: Redefining \overline on input line 399.
\classnum@=\count195
\DOTSCASE@=\count196
LaTeX Info: Redefining \ldots on input line 496.
LaTeX Info: Redefining \dots on input line 499.
LaTeX Info: Redefining \cdots on input line 620.
\Mathstrutbox@=\box50
\strutbox@=\box51
\big@size=\dimen141
LaTeX Font Info:    Redeclaring font encoding OML on input line 743.
LaTeX Font Info:    Redeclaring font encoding OMS on input line 744.
\macc@depth=\count197
\c@MaxMatrixCols=\count198
\dotsspace@=\muskip16
\c@parentequation=\count199
\dspbrk@lvl=\count266
\tag@help=\toks17
\row@=\count267
\column@=\count268
\maxfields@=\count269
\andhelp@=\toks18
\eqnshift@=\dimen142
\alignsep@=\dimen143
\tagshift@=\dimen144
\tagwidth@=\dimen145
\totwidth@=\dimen146
\lineht@=\dimen147
\@envbody=\toks19
\multlinegap=\skip50
\multlinetaggap=\skip51
\mathdisplay@stack=\toks20
LaTeX Info: Redefining \[ on input line 2938.
LaTeX Info: Redefining \] on input line 2939.
)
(/usr/local/texlive/2021/texmf-dist/tex/latex/mathtools/mathtools.sty
Package: mathtools 2021/04/12 v1.27 mathematical typesetting tools

(/usr/local/texlive/2021/texmf-dist/tex/latex/graphics/keyval.sty
Package: keyval 2014/10/28 v1.15 key=value parser (DPC)
\KV@toks@=\toks21
)
(/usr/local/texlive/2021/texmf-dist/tex/latex/tools/calc.sty
Package: calc 2017/05/25 v4.3 Infix arithmetic (KKT,FJ)
\calc@Acount=\count270
\calc@Bcount=\count271
\calc@Adimen=\dimen148
\calc@Bdimen=\dimen149
\calc@Askip=\skip52
\calc@Bskip=\skip53
LaTeX Info: Redefining \setlength on input line 80.
LaTeX Info: Redefining \addtolength on input line 81.
\calc@Ccount=\count272
\calc@Cskip=\skip54
)
(/usr/local/texlive/2021/texmf-dist/tex/latex/mathtools/mhsetup.sty
Package: mhsetup 2021/03/18 v1.4 programming setup (MH)
)
LaTeX Info: Thecontrolsequence`\('isalreadyrobust on input line 130.
LaTeX Info: Thecontrolsequence`\)'isalreadyrobust on input line 130.
LaTeX Info: Thecontrolsequence`\['isalreadyrobust on input line 130.
LaTeX Info: Thecontrolsequence`\]'isalreadyrobust on input line 130.
\g_MT_multlinerow_int=\count273
\l_MT_multwidth_dim=\dimen150
\origjot=\skip55
\l_MT_shortvdotswithinadjustabove_dim=\dimen151
\l_MT_shortvdotswithinadjustbelow_dim=\dimen152
\l_MT_above_intertext_sep=\dimen153
\l_MT_below_intertext_sep=\dimen154
\l_MT_above_shortintertext_sep=\dimen155
\l_MT_below_shortintertext_sep=\dimen156
\xmathstrut@box=\box52
\xmathstrut@dim=\dimen157
)
(/usr/local/texlive/2021/texmf-dist/tex/latex/amsfonts/amssymb.sty
Package: amssymb 2013/01/14 v3.01 AMS font symbols

(/usr/local/texlive/2021/texmf-dist/tex/latex/amsfonts/amsfonts.sty
Package: amsfonts 2013/01/14 v3.01 Basic AMSFonts support
\symAMSa=\mathgroup4
\symAMSb=\mathgroup5
LaTeX Font Info:    Redeclaring math symbol \hbar on input line 98.
LaTeX Font Info:    Overwriting math alphabet `\mathfrak' in version `bold'
(Font)                  U/euf/m/n --> U/euf/b/n on input line 106.
))
(/usr/local/texlive/2021/texmf-dist/tex/latex/amscls/amsthm.sty
Package: amsthm 2020/05/29 v2.20.6
\thm@style=\toks22
\thm@bodyfont=\toks23
\thm@headfont=\toks24
\thm@notefont=\toks25
\thm@headpunct=\toks26
\thm@preskip=\skip56
\thm@postskip=\skip57
\thm@headsep=\skip58
\dth@everypar=\toks27
)
(/usr/local/texlive/2021/texmf-dist/tex/latex/tools/array.sty
Package: array 2021/10/04 v2.5f Tabular extension package (FMi)
\col@sep=\dimen158
\ar@mcellbox=\box53
\extrarowheight=\dimen159
\NC@list=\toks28
\extratabsurround=\skip59
\backup@length=\skip60
\ar@cellbox=\box54
)
(/usr/local/texlive/2021/texmf-dist/tex/latex/booktabs/booktabs.sty
Package: booktabs 2020/01/12 v1.61803398 Publication quality tables
\heavyrulewidth=\dimen160
\lightrulewidth=\dimen161
\cmidrulewidth=\dimen162
\belowrulesep=\dimen163
\belowbottomsep=\dimen164
\aboverulesep=\dimen165
\abovetopsep=\dimen166
\cmidrulesep=\dimen167
\cmidrulekern=\dimen168
\defaultaddspace=\dimen169
\@cmidla=\count274
\@cmidlb=\count275
\@aboverulesep=\dimen170
\@belowrulesep=\dimen171
\@thisruleclass=\count276
\@lastruleclass=\count277
\@thisrulewidth=\dimen172
)
(/usr/local/texlive/2021/texmf-dist/tex/latex/l3backend/l3backend-pdftex.def
File: l3backend-pdftex.def 2021-12-14 L3 backend support: PDF output (pdfTeX)
\l__color_backend_stack_int=\count278
\l__pdf_internal_box=\box55
)
(./Jochens Analysis Equations.aux)
\openout1 = `"Jochens Analysis Equations.aux"'.

LaTeX Font Info:    Checking defaults for OML/cmm/m/it on input line 10.
LaTeX Font Info:    ... okay on input line 10.
LaTeX Font Info:    Checking defaults for OMS/cmsy/m/n on input line 10.
LaTeX Font Info:    ... okay on input line 10.
LaTeX Font Info:    Checking defaults for OT1/cmr/m/n on input line 10.
LaTeX Font Info:    ... okay on input line 10.
LaTeX Font Info:    Checking defaults for T1/cmr/m/n on input line 10.
LaTeX Font Info:    ... okay on input line 10.
LaTeX Font Info:    Checking defaults for TS1/cmr/m/n on input line 10.
LaTeX Font Info:    ... okay on input line 10.
LaTeX Font Info:    Checking defaults for OMX/cmex/m/n on input line 10.
LaTeX Font Info:    ... okay on input line 10.
LaTeX Font Info:    Checking defaults for U/cmr/m/n on input line 10.
LaTeX Font Info:    ... okay on input line 10.

(/usr/local/texlive/2021/texmf-dist/tex/latex/graphics/graphicx.sty
Package: graphicx 2021/09/16 v1.2d Enhanced LaTeX Graphics (DPC,SPQR)

(/usr/local/texlive/2021/texmf-dist/tex/latex/graphics/graphics.sty
Package: graphics 2021/03/04 v1.4d Standard LaTeX Graphics (DPC,SPQR)

(/usr/local/texlive/2021/texmf-dist/tex/latex/graphics/trig.sty
Package: trig 2021/08/11 v1.11 sin cos tan (DPC)
)
(/usr/local/texlive/2021/texmf-dist/tex/latex/graphics-cfg/graphics.cfg
File: graphics.cfg 2016/06/04 v1.11 sample graphics configuration
)
Package graphics Info: Driver file: pdftex.def on input line 107.

(/usr/local/texlive/2021/texmf-dist/tex/latex/graphics-def/pdftex.def
File: pdftex.def 2020/10/05 v1.2a Graphics/color driver for pdftex

(/usr/local/texlive/2021/texmf-dist/tex/context/base/mkii/supp-pdf.mkii
[Loading MPS to PDF converter (version 2006.09.02).]
\scratchcounter=\count279
\scratchdimen=\dimen173
\scratchbox=\box56
\nofMPsegments=\count280
\nofMParguments=\count281
\everyMPshowfont=\toks29
\MPscratchCnt=\count282
\MPscratchDim=\dimen174
\MPnumerator=\count283
\makeMPintoPDFobject=\count284
\everyMPtoPDFconversion=\toks30
)))
(/usr/local/texlive/2021/texmf-dist/tex/latex/epstopdf-pkg/epstopdf-base.sty
Package: epstopdf-base 2020-01-24 v2.11 Base part for package epstopdf
Package epstopdf-base Info: Redefining graphics rule for `.eps' on input line 4
85.

(/usr/local/texlive/2021/texmf-dist/tex/latex/latexconfig/epstopdf-sys.cfg
File: epstopdf-sys.cfg 2010/07/13 v1.3 Configuration of (r)epstopdf for TeX Liv
e
))
\Gin@req@height=\dimen175
\Gin@req@width=\dimen176
)
Chapter 1.
LaTeX Font Info:    Trying to load font information for U+msa on input line 22.

(/usr/local/texlive/2021/texmf-dist/tex/latex/amsfonts/umsa.fd
File: umsa.fd 2013/01/14 v3.01 AMS symbols A
)
LaTeX Font Info:    Trying to load font information for U+msb on input line 22.


(/usr/local/texlive/2021/texmf-dist/tex/latex/amsfonts/umsb.fd
File: umsb.fd 2013/01/14 v3.01 AMS symbols B
)
Overfull \hbox (39.08073pt too wide) in paragraph at lines 22--23
 \T1/cmr/bx/n/10 Monotony[] \T1/cmr/m/n/10 Com-pare $\OML/cmm/m/it/10 a[]$ \T1/
cmr/m/n/10 with $\OML/cmm/m/it/10 a[]$ \T1/cmr/m/n/10 to de-ter-mine (strict) m
ono-ton-i-cal in-crease/decrease. 
 []


Overfull \hbox (63.1122pt too wide) in paragraph at lines 57--72
[] 
 []


Underfull \vbox (badness 3229) has occurred while \output is active []

 [1


{/usr/local/texlive/2021/texmf-var/fonts/map/pdftex/updmap/pdftex.map}]
Underfull \hbox (badness 10000) in paragraph at lines 80--80
[]|\T1/cmr/m/n/10 Monotonically
 []


Underfull \hbox (badness 5893) in paragraph at lines 82--82
[]|\T1/cmr/m/n/10 Monotonically de-
 []


Underfull \hbox (badness 10000) in paragraph at lines 86--86
[]|\T1/cmr/m/n/10 Sequence lim-ited
 []


Underfull \hbox (badness 10000) in paragraph at lines 88--88
[]|\T1/cmr/m/n/10 Downwardly lim-
 []


Overfull \hbox (63.1122pt too wide) in paragraph at lines 76--91
[] 
 []


Overfull \hbox (37.67065pt too wide) in paragraph at lines 94--109
[][] 
 []


Underfull \hbox (badness 10000) in paragraph at lines 123--123
[]|\T1/cmr/m/n/10 Arithmetic se-
 []


Underfull \hbox (badness 10000) in paragraph at lines 125--125
[]|\T1/cmr/m/n/10 Geometric se-
 []


Overfull \hbox (63.1122pt too wide) in paragraph at lines 113--128
[] 
 []

[2] [3]
Overfull \hbox (63.1122pt too wide) in paragraph at lines 190--203
[] 
 []


Underfull \hbox (badness 10000) in paragraph at lines 190--203

 []


Overfull \hbox (63.1122pt too wide) in paragraph at lines 211--218
[] 
 []


Underfull \hbox (badness 10000) in paragraph at lines 211--218

 []

[4]
Overfull \hbox (63.1122pt too wide) in paragraph at lines 224--231
[] 
 []


Underfull \hbox (badness 10000) in paragraph at lines 224--231

 []


Overfull \hbox (63.1122pt too wide) in paragraph at lines 243--258
[] 
 []

[5] [6] [7] [8

]
Chapter 2.

Overfull \hbox (63.1122pt too wide) in paragraph at lines 320--337
[] 
 []


Overfull \hbox (63.1122pt too wide) in paragraph at lines 339--346
[] 
 []


Underfull \hbox (badness 5741) in paragraph at lines 358--358
[]|\T1/cmr/m/n/10 Third-degree fully
 []


Overfull \hbox (63.1122pt too wide) in paragraph at lines 348--361
[] 
 []


Underfull \vbox (badness 2865) has occurred while \output is active []

 [9]
Overfull \hbox (63.1122pt too wide) in paragraph at lines 369--382
[] 
 []

[10]
Underfull \hbox (badness 10000) in paragraph at lines 406--406
[]|\T1/cmr/m/n/10 General ex-po-nen-
 []


Underfull \hbox (badness 10000) in paragraph at lines 408--408
[]|\T1/cmr/m/n/10 Natural ex-po-nen-
 []


Overfull \hbox (63.1122pt too wide) in paragraph at lines 402--413
[] 
 []

[11]
Overfull \hbox (63.1122pt too wide) in paragraph at lines 460--475
[] 
 []

[12] [13] [14

]
Chapter 3.

Overfull \hbox (63.1122pt too wide) in paragraph at lines 501--514
[] 
 []


Overfull \hbox (63.1122pt too wide) in paragraph at lines 518--531
[] 
 []

[15]
Overfull \hbox (63.1122pt too wide) in paragraph at lines 584--591
[] 
 []

[16]
Overfull \hbox (78.11218pt too wide) in paragraph at lines 595--608
[][] 
 []


Overfull \hbox (78.11218pt too wide) in paragraph at lines 612--621
[][] 
 []


Overfull \hbox (78.11218pt too wide) in paragraph at lines 625--638
[][] 
 []

[17]
Underfull \hbox (badness 4441) in paragraph at lines 658--658
[]|\T1/cmr/m/n/10 First-order par-tial
 []


Overfull \hbox (63.1122pt too wide) in paragraph at lines 654--661
[] 
 []

[18]
Chapter 4.

Underfull \hbox (badness 10000) in paragraph at lines 690--690
[]|\T1/cmr/m/n/10 Integration con-
 []


Underfull \hbox (badness 2376) in paragraph at lines 692--692
[]|\T1/cmr/m/n/10 Undefined in-te-gral
 []


Overfull \hbox (63.1122pt too wide) in paragraph at lines 684--697
[] 
 []

[19

]
Underfull \hbox (badness 10000) in paragraph at lines 772--772
[]|\T1/cmr/m/n/10 Determined in-te-
 []


Overfull \hbox (63.1122pt too wide) in paragraph at lines 768--775
[] 
 []

[20]
Overfull \hbox (63.1122pt too wide) in paragraph at lines 821--828
[] 
 []


Overfull \hbox (78.68295pt too wide) has occurred while \output is active
\T1/cmr/m/sl/10 4.2.  THE DEFINITE INTEGRAL AND THE LAW OF DIFFERENTIALS AND IN
TEGRALS \T1/cmr/m/n/10 21
 []

[21] [22]
Chapter 5.

Overfull \hbox (24.83679pt too wide) in paragraph at lines 854--854
[]\T1/cmr/bx/n/14.4 Solution of First-Order Lin-ear Non-homogeneous
 []

[23

] (./Jochens Analysis Equations.aux) ) 
Here is how much of TeX's memory you used:
 3572 strings out of 478353
 53814 string characters out of 5848087
 360142 words of memory out of 5000000
 21674 multiletter control sequences out of 15000+600000
 415449 words of font info for 49 fonts, out of 8000000 for 9000
 1141 hyphenation exceptions out of 8191
 63i,11n,71p,1292b,235s stack positions out of 5000i,500n,10000p,200000b,80000s
{/usr/local/texlive/2021/texmf-dist/fonts
/enc/dvips/cm-super/cm-super-ts1.enc}{/usr/local/texlive/2021/texmf-dist/fonts/
enc/dvips/cm-super/cm-super-t1.enc}</usr/local/texlive/2021/texmf-dist/fonts/ty
pe1/public/amsfonts/cm/cmex10.pfb></usr/local/texlive/2021/texmf-dist/fonts/typ
e1/public/amsfonts/cm/cmmi10.pfb></usr/local/texlive/2021/texmf-dist/fonts/type
1/public/amsfonts/cm/cmmi5.pfb></usr/local/texlive/2021/texmf-dist/fonts/type1/
public/amsfonts/cm/cmmi7.pfb></usr/local/texlive/2021/texmf-dist/fonts/type1/pu
blic/amsfonts/cm/cmr10.pfb></usr/local/texlive/2021/texmf-dist/fonts/type1/publ
ic/amsfonts/cm/cmr7.pfb></usr/local/texlive/2021/texmf-dist/fonts/type1/public/
amsfonts/cm/cmsy10.pfb></usr/local/texlive/2021/texmf-dist/fonts/type1/public/a
msfonts/cm/cmsy7.pfb></usr/local/texlive/2021/texmf-dist/fonts/type1/public/ams
fonts/symbols/msbm10.pfb></usr/local/texlive/2021/texmf-dist/fonts/type1/public
/cm-super/sfbx1000.pfb></usr/local/texlive/2021/texmf-dist/fonts/type1/public/c
m-super/sfbx1200.pfb></usr/local/texlive/2021/texmf-dist/fonts/type1/public/cm-
super/sfbx1440.pfb></usr/local/texlive/2021/texmf-dist/fonts/type1/public/cm-su
per/sfbx2074.pfb></usr/local/texlive/2021/texmf-dist/fonts/type1/public/cm-supe
r/sfbx2488.pfb></usr/local/texlive/2021/texmf-dist/fonts/type1/public/cm-super/
sfrm1000.pfb></usr/local/texlive/2021/texmf-dist/fonts/type1/public/cm-super/sf
sl1000.pfb></usr/local/texlive/2021/texmf-dist/fonts/type1/public/cm-super/sfti
1000.pfb>
Output written on "Jochens Analysis Equations.pdf" (23 pages, 281340 bytes).
PDF statistics:
 169 PDF objects out of 1000 (max. 8388607)
 107 compressed objects within 2 object streams
 0 named destinations out of 1000 (max. 500000)
 1 words of extra memory for PDF output out of 10000 (max. 10000000)

